{"type":"server-started","port":60599,"host":"127.0.0.1","url_host":"localhost","url":"http://localhost:60599","screen_dir":"/Users/syamnath/Desktop/Projects/lite/.superpowers/brainstorm/20646-1774267882"}
{"type":"screen-added","file":"/Users/syamnath/Desktop/Projects/lite/.superpowers/brainstorm/20646-1774267882/areas.html"}
{"source":"user-event","type":"click","text":"A\n    \n      Config / Settings Screen\n      The opening screen with language, voice, chakra selection. Currently plain form inputs on black.","choice":"config","id":null,"timestamp":1774267966625}
{"source":"user-event","type":"click","text":"B\n    \n      Lobby / Pre-session Screen\n      Time selector, High Energy toggle, Begin Journey button. Minimal right now.","choice":"lobby","id":null,"timestamp":1774267971421}
{"source":"user-event","type":"click","text":"C\n    \n      Box Breathing Screen\n      The breathing circle animation. Currently a small pulsing dot in a bordered circle.","choice":"breathing","id":null,"timestamp":1774267979780}
{"source":"user-event","type":"click","text":"D\n    \n      Meditation Screen (Main)\n      Chakra symbol, aura, particles, mantra text, controls. The heart of the experience.","choice":"meditation","id":null,"timestamp":1774267980428}
{"source":"user-event","type":"click","text":"E\n    \n      Completion Modal\n      The \"Journey Complete\" ending screen. Currently a simple modal card.","choice":"completion","id":null,"timestamp":1774267980983}
{"type":"screen-added","file":"/Users/syamnath/Desktop/Projects/lite/.superpowers/brainstorm/20646-1774267882/direction.html"}
{"source":"user-event","type":"click","text":"Option A\n    Cosmic / Deep Space\n    Rich violet-purple depth. Nebula-like gradients behind the aura. Stars/light-dust particle field. Feels vast, mystical, infinite.\n    \n      \n      \n        YAM\n        Heart Chakra · 639hz","choice":"cosmic","id":null,"timestamp":1774268097185}
{"source":"user-event","type":"click","text":"Option B\n    Sacred Gold / Temple\n    Deep black with warm amber-gold tones. Thin geometric borders and rings around symbols. Feels ancient, ceremonial, reverent.\n    \n      ✦\n      \n        YAM\n        Heart Chakra · 639hz","choice":"sacred","id":null,"timestamp":1774268099490}
{"source":"user-event","type":"click","text":"Option A\n    Cosmic / Deep Space\n    Rich violet-purple depth. Nebula-like gradients behind the aura. Stars/light-dust particle field. Feels vast, mystical, infinite.\n    \n      \n      \n        YAM\n        Heart Chakra · 639hz","choice":"cosmic","id":null,"timestamp":1774268100433}
{"source":"user-event","type":"click","text":"Option C\n    Soft Luminance / Minimal\n    Pure black with cleaner, crisper glows. Each chakra color is muted and refined — like light through fog. Calm, modern, precise.\n    \n      \n      \n        YAM\n        Heart Chakra · 639hz","choice":"soft","id":null,"timestamp":1774268102927}
{"source":"user-event","type":"click","text":"Option A\n    Cosmic / Deep Space\n    Rich violet-purple depth. Nebula-like gradients behind the aura. Stars/light-dust particle field. Feels vast, mystical, infinite.\n    \n      \n      \n        YAM\n        Heart Chakra · 639hz","choice":"cosmic","id":null,"timestamp":1774268109159}
{"source":"user-event","type":"click","text":"Option B\n    Sacred Gold / Temple\n    Deep black with warm amber-gold tones. Thin geometric borders and rings around symbols. Feels ancient, ceremonial, reverent.\n    \n      ✦\n      \n        YAM\n        Heart Chakra · 639hz","choice":"sacred","id":null,"timestamp":1774268110077}
{"source":"user-event","type":"click","text":"Option A\n    Cosmic / Deep Space\n    Rich violet-purple depth. Nebula-like gradients behind the aura. Stars/light-dust particle field. Feels vast, mystical, infinite.\n    \n      \n      \n        YAM\n        Heart Chakra · 639hz","choice":"cosmic","id":null,"timestamp":1774268110952}
{"source":"user-event","type":"click","text":"Option C\n    Soft Luminance / Minimal\n    Pure black with cleaner, crisper glows. Each chakra color is muted and refined — like light through fog. Calm, modern, precise.\n    \n      \n      \n        YAM\n        Heart Chakra · 639hz","choice":"soft","id":null,"timestamp":1774268112864}
{"source":"user-event","type":"click","text":"Option B\n    Sacred Gold / Temple\n    Deep black with warm amber-gold tones. Thin geometric borders and rings around symbols. Feels ancient, ceremonial, reverent.\n    \n      ✦\n      \n        YAM\n        Heart Chakra · 639hz","choice":"sacred","id":null,"timestamp":1774268140766}
{"type":"screen-added","file":"/Users/syamnath/Desktop/Projects/lite/.superpowers/brainstorm/20646-1774267882/waiting.html"}
{"type":"screen-added","file":"/Users/syamnath/Desktop/Projects/lite/.superpowers/brainstorm/20646-1774267882/theme-palette.html"}
{"type":"screen-added","file":"/Users/syamnath/Desktop/Projects/lite/.superpowers/brainstorm/20646-1774267882/visibility-test.html"}
{"source":"user-event","type":"click","text":"Fix A — Keep gold for accents only, use pure white for all body text\n    You are safe, deeply rooted, and fully supported by this earth.\n    Language · Narration Voice\n    YAM\n    Body text = pure #ffffff. Gold reserved for mantra, timer, active highlights only.","choice":"fix-a","id":null,"timestamp":1774268690152}
{"source":"user-event","type":"click","text":"Fix A — Keep gold for accents only, use pure white for all body text\n    You are safe, deeply rooted, and fully supported by this earth.\n    Language · Narration Voice\n    YAM\n    Body text = pure #ffffff. Gold reserved for mantra, timer, active highlights only.","choice":"fix-a","id":null,"timestamp":1774268692766}
{"type":"screen-added","file":"/Users/syamnath/Desktop/Projects/lite/.superpowers/brainstorm/20646-1774267882/visibility-test-v2.html"}
{"source":"user-event","type":"click","text":"Fix A — Pure white for body text, gold for accents only\n  You are safe, deeply rooted, and fully supported by this earth.\n  Language · Narration Voice\n  YAM\n  Body text stays pure #ffffff. Gold (#f59e0b) used only for mantra, timer, and active elements.","choice":"fix-a","id":null,"timestamp":1774268854146}
{"source":"user-event","type":"click","text":"Fix B — Brighter gold #fbbf24, violet-white at higher opacity\n  You are safe, deeply rooted, and fully supported by this earth.\n  Language · Narration Voice\n  YAM\n  Gold brightened to #fbbf24. Violet-white opacity raised to 0.85 for labels — both more visible.","choice":"fix-b","id":null,"timestamp":1774268855789}
{"source":"user-event","type":"click","text":"Fix A — Pure white for body text, gold for accents only\n  You are safe, deeply rooted, and fully supported by this earth.\n  Language · Narration Voice\n  YAM\n  Body text stays pure #ffffff. Gold (#f59e0b) used only for mantra, timer, and active elements.","choice":"fix-a","id":null,"timestamp":1774268856740}
{"source":"user-event","type":"click","text":"Fix B — Brighter gold #fbbf24, violet-white at higher opacity\n  You are safe, deeply rooted, and fully supported by this earth.\n  Language · Narration Voice\n  YAM\n  Gold brightened to #fbbf24. Violet-white opacity raised to 0.85 for labels — both more visible.","choice":"fix-b","id":null,"timestamp":1774268858092}
{"source":"user-event","type":"click","text":"Fix A — Pure white for body text, gold for accents only\n  You are safe, deeply rooted, and fully supported by this earth.\n  Language · Narration Voice\n  YAM\n  Body text stays pure #ffffff. Gold (#f59e0b) used only for mantra, timer, and active elements.","choice":"fix-a","id":null,"timestamp":1774268858771}
{"source":"user-event","type":"click","text":"Fix B — Brighter gold #fbbf24, violet-white at higher opacity\n  You are safe, deeply rooted, and fully supported by this earth.\n  Language · Narration Voice\n  YAM\n  Gold brightened to #fbbf24. Violet-white opacity raised to 0.85 for labels — both more visible.","choice":"fix-b","id":null,"timestamp":1774268865439}
{"source":"user-event","type":"click","text":"Fix B — Brighter gold #fbbf24, violet-white at higher opacity\n  You are safe, deeply rooted, and fully supported by this earth.\n  Language · Narration Voice\n  YAM\n  Gold brightened to #fbbf24. Violet-white opacity raised to 0.85 for labels — both more visible.","choice":"fix-b","id":null,"timestamp":1774269790182}
{"source":"user-event","type":"click","text":"Fix B — Brighter gold #fbbf24, violet-white at higher opacity\n  You are safe, deeply rooted, and fully supported by this earth.\n  Language · Narration Voice\n  YAM\n  Gold brightened to #fbbf24. Violet-white opacity raised to 0.85 for labels — both more visible.","choice":"fix-b","id":null,"timestamp":1774269796225}
{"type":"server-stopped","reason":"idle timeout"}
